c:\users\mahad\documents\opengl\assignment1\assignment1\x64\debug\vc143.pdb
c:\users\mahad\documents\opengl\assignment1\assignment1\x64\debug\vc143.idb
c:\users\mahad\documents\opengl\assignment1\assignment1\x64\debug\glad.obj
c:\users\mahad\documents\opengl\assignment1\assignment1\x64\debug\task4.obj
c:\users\mahad\documents\opengl\assignment1\assignment1\x64\debug\task3.obj
c:\users\mahad\documents\opengl\assignment1\assignment1\x64\debug\task2.obj
c:\users\mahad\documents\opengl\assignment1\assignment1\x64\debug\task1.obj
c:\users\mahad\documents\opengl\assignment1\assignment1\x64\debug\main.obj
c:\users\mahad\documents\opengl\assignment1\x64\debug\assignment1.exe
c:\users\mahad\documents\opengl\assignment1\assignment1\x64\debug\assignment1.ilk
c:\users\mahad\documents\opengl\assignment1\x64\debug\assignment1.pdb
c:\users\mahad\documents\opengl\assignment1\assignment1\x64\debug\assignment1.tlog\cl.command.1.tlog
c:\users\mahad\documents\opengl\assignment1\assignment1\x64\debug\assignment1.tlog\cl.items.tlog
c:\users\mahad\documents\opengl\assignment1\assignment1\x64\debug\assignment1.tlog\cl.read.1.tlog
c:\users\mahad\documents\opengl\assignment1\assignment1\x64\debug\assignment1.tlog\cl.write.1.tlog
c:\users\mahad\documents\opengl\assignment1\assignment1\x64\debug\assignment1.tlog\link.14012-cvtres.read.1.tlog
c:\users\mahad\documents\opengl\assignment1\assignment1\x64\debug\assignment1.tlog\link.14012-cvtres.write.1.tlog
c:\users\mahad\documents\opengl\assignment1\assignment1\x64\debug\assignment1.tlog\link.14012-rc.read.1.tlog
c:\users\mahad\documents\opengl\assignment1\assignment1\x64\debug\assignment1.tlog\link.14012-rc.write.1.tlog
c:\users\mahad\documents\opengl\assignment1\assignment1\x64\debug\assignment1.tlog\link.14012.read.1.tlog
c:\users\mahad\documents\opengl\assignment1\assignment1\x64\debug\assignment1.tlog\link.14012.read.2.tlog
c:\users\mahad\documents\opengl\assignment1\assignment1\x64\debug\assignment1.tlog\link.14012.write.1.tlog
c:\users\mahad\documents\opengl\assignment1\assignment1\x64\debug\assignment1.tlog\link.command.1.tlog
c:\users\mahad\documents\opengl\assignment1\assignment1\x64\debug\assignment1.tlog\link.read.1.tlog
c:\users\mahad\documents\opengl\assignment1\assignment1\x64\debug\assignment1.tlog\link.write.1.tlog
